-------------------------------------------------------------------------------
Test set: com.estuate.service.EmployeeServiceTest
-------------------------------------------------------------------------------
Tests run: 5, Failures: 1, Errors: 0, Skipped: 0, Time elapsed: 0.984 s <<< FAILURE! - in com.estuate.service.EmployeeServiceTest
testDeleteEmployee  Time elapsed: 0.039 s  <<< FAILURE!
org.opentest4j.AssertionFailedError: expected: <<200 OK OK,[]>> but was: <null>
	at com.estuate.service.EmployeeServiceTest.testDeleteEmployee(EmployeeServiceTest.java:64)

