<?xml version="1.0" encoding="UTF-8"?>
<testsuite xmlns:xsi="http://www.w3.org/2001/XMLSchema-instance" xsi:noNamespaceSchemaLocation="https://maven.apache.org/surefire/maven-surefire-plugin/xsd/surefire-test-report.xsd" name="com.estuate.service.EmployeeServiceTest" time="0.984" tests="5" errors="0" skipped="0" failures="1">
  <properties>
[...]
</properties>
  <testcase name="testDeleteEmployee" classname="com.estuate.service.EmployeeServiceTest" time="0.039">
    <failure message="expected: &lt;&lt;200 OK OK,[]&gt;&gt; but was: &lt;null&gt;" type="org.opentest4j.AssertionFailedError"><![CDATA[org.opentest4j.AssertionFailedError: expected: <<200 OK OK,[]>> but was: <null>
	at com.estuate.service.EmployeeServiceTest.testDeleteEmployee(EmployeeServiceTest.java:64)
]]></failure>
    <system-out><![CDATA[2022-01-25 11:30:41.481  INFO 9896 --- [           main] .b.t.a.w.s.WebMvcTestContextBootstrapper : Neither @ContextConfiguration nor @ContextHierarchy found for test class [com.estuate.service.EmployeeServiceTest], using SpringBootContextLoader
2022-01-25 11:30:41.485  INFO 9896 --- [           main] o.s.t.c.support.AbstractContextLoader    : Could not detect default resource locations for test class [com.estuate.service.EmployeeServiceTest]: no resource found for suffixes {-context.xml, Context.groovy}.
2022-01-25 11:30:41.491  INFO 9896 --- [           main] t.c.s.AnnotationConfigContextLoaderUtils : Could not detect default configuration classes for test class [com.estuate.service.EmployeeServiceTest]: EmployeeServiceTest does not declare any static, non-private, non-final, nested classes annotated with @Configuration.
2022-01-25 11:30:41.513  INFO 9896 --- [           main] .b.t.c.SpringBootTestContextBootstrapper : Found @SpringBootConfiguration com.estuate.EmployeeAppApplication for test class com.estuate.service.EmployeeServiceTest
2022-01-25 11:30:41.515  INFO 9896 --- [           main] .b.t.a.w.s.WebMvcTestContextBootstrapper : Loaded default TestExecutionListener class names from location [META-INF/spring.factories]: [org.springframework.boot.test.mock.mockito.MockitoTestExecutionListener, org.springframework.boot.test.mock.mockito.ResetMocksTestExecutionListener, org.springframework.boot.test.autoconfigure.restdocs.RestDocsTestExecutionListener, org.springframework.boot.test.autoconfigure.web.client.MockRestServiceServerResetTestExecutionListener, org.springframework.boot.test.autoconfigure.web.servlet.MockMvcPrintOnlyOnFailureTestExecutionListener, org.springframework.boot.test.autoconfigure.web.servlet.WebDriverTestExecutionListener, org.springframework.boot.test.autoconfigure.webservices.client.MockWebServiceServerTestExecutionListener, org.springframework.test.context.web.ServletTestExecutionListener, org.springframework.test.context.support.DirtiesContextBeforeModesTestExecutionListener, org.springframework.test.context.event.ApplicationEventsTestExecutionListener, org.springframework.test.context.support.DependencyInjectionTestExecutionListener, org.springframework.test.context.support.DirtiesContextTestExecutionListener, org.springframework.test.context.transaction.TransactionalTestExecutionListener, org.springframework.test.context.jdbc.SqlScriptsTestExecutionListener, org.springframework.test.context.event.EventPublishingTestExecutionListener, org.springframework.security.test.context.support.WithSecurityContextTestExecutionListener, org.springframework.security.test.context.support.ReactorContextTestExecutionListener]
2022-01-25 11:30:41.516  INFO 9896 --- [           main] .b.t.a.w.s.WebMvcTestContextBootstrapper : Using TestExecutionListeners: [org.springframework.test.context.web.ServletTestExecutionListener@351fadfa, org.springframework.test.context.support.DirtiesContextBeforeModesTestExecutionListener@7e1953f7, org.springframework.test.context.event.ApplicationEventsTestExecutionListener@26f07261, org.springframework.boot.test.mock.mockito.MockitoTestExecutionListener@2b55ea4d, org.springframework.boot.test.autoconfigure.SpringBootDependencyInjectionTestExecutionListener@63ede2a0, org.springframework.test.context.support.DirtiesContextTestExecutionListener@57df93c1, org.springframework.test.context.transaction.TransactionalTestExecutionListener@72998021, org.springframework.test.context.jdbc.SqlScriptsTestExecutionListener@761a0bbd, org.springframework.test.context.event.EventPublishingTestExecutionListener@7a6e0f3c, org.springframework.security.test.context.support.WithSecurityContextTestExecutionListener@5184da2b, org.springframework.security.test.context.support.ReactorContextTestExecutionListener@6fa2d0b2, org.springframework.boot.test.mock.mockito.ResetMocksTestExecutionListener@49c37918, org.springframework.boot.test.autoconfigure.restdocs.RestDocsTestExecutionListener@43de88f3, org.springframework.boot.test.autoconfigure.web.client.MockRestServiceServerResetTestExecutionListener@347c5721, org.springframework.boot.test.autoconfigure.web.servlet.MockMvcPrintOnlyOnFailureTestExecutionListener@4d22265c, org.springframework.boot.test.autoconfigure.web.servlet.WebDriverTestExecutionListener@1f7b8d59, org.springframework.boot.test.autoconfigure.webservices.client.MockWebServiceServerTestExecutionListener@28551755]

  .   ____          _            __ _ _
 /\\ / ___'_ __ _ _(_)_ __  __ _ \ \ \ \
( ( )\___ | '_ | '_| | '_ \/ _` | \ \ \ \
 \\/  ___)| |_)| | | | | || (_| |  ) ) ) )
  '  |____| .__|_| |_|_| |_\__, | / / / /
 =========|_|==============|___/=/_/_/_/
 :: Spring Boot ::                (v2.5.7)

2022-01-25 11:30:41.625  INFO 9896 --- [           main] com.estuate.service.EmployeeServiceTest  : Starting EmployeeServiceTest using Java 17 on ESTL-VaibhavC with PID 9896 (started by VChaturvedi in D:\SpringMongo-POC\EmployeeApp)
2022-01-25 11:30:41.626  INFO 9896 --- [           main] com.estuate.service.EmployeeServiceTest  : No active profile set, falling back to default profiles: default
2022-01-25 11:30:42.357  INFO 9896 --- [           main] o.s.b.t.m.w.SpringBootMockServletContext : Initializing Spring TestDispatcherServlet ''
2022-01-25 11:30:42.357  INFO 9896 --- [           main] o.s.t.web.servlet.TestDispatcherServlet  : Initializing Servlet ''
2022-01-25 11:30:42.358  INFO 9896 --- [           main] o.s.t.web.servlet.TestDispatcherServlet  : Completed initialization in 1 ms
2022-01-25 11:30:42.376  INFO 9896 --- [           main] com.estuate.service.EmployeeServiceTest  : Started EmployeeServiceTest in 0.822 seconds (JVM running for 13.315)
]]></system-out>
  </testcase>
  <testcase name="testaddEmployee" classname="com.estuate.service.EmployeeServiceTest" time="0.024"/>
  <testcase name="getEmployeeById" classname="com.estuate.service.EmployeeServiceTest" time="0.006"/>
  <testcase name="testgetAllEmployee" classname="com.estuate.service.EmployeeServiceTest" time="0.006"/>
  <testcase name="testUpdateEmployee" classname="com.estuate.service.EmployeeServiceTest" time="0.008"/>
</testsuite>